<?xml version="1.0" encoding="utf-8"?><testsuites name="pytest tests"><testsuite name="pytest" errors="0" failures="0" skipped="0" tests="15" time="19.983" timestamp="2026-04-05T15:32:44.862043+00:00" hostname="agent-env-0efe55dd-f9a6-409e-ae73-552c5c72ff07"><testcase classname="backend.tests.test_flourish.TestAuth" name="test_register_existing_returns_400" time="0.270" /><testcase classname="backend.tests.test_flourish.TestAuth" name="test_login_success" time="0.285" /><testcase classname="backend.tests.test_flourish.TestAuth" name="test_login_wrong_password" time="0.271" /><testcase classname="backend.tests.test_flourish.TestAuth" name="test_me_endpoint" time="0.399" /><testcase classname="backend.tests.test_flourish.TestAuth" name="test_me_unauthenticated" time="0.103" /><testcase classname="backend.tests.test_flourish.TestOnboarding" name="test_update_profile_onboarding" time="0.067" /><testcase classname="backend.tests.test_flourish.TestFoodRating" name="test_rate_food" time="17.865" /><testcase classname="backend.tests.test_flourish.TestFoodRating" name="test_rate_food_unauthenticated" time="0.124" /><testcase classname="backend.tests.test_flourish.TestDiary" name="test_get_diary_empty" time="0.058" /><testcase classname="backend.tests.test_flourish.TestDiary" name="test_add_diary_entry" time="0.056" /><testcase classname="backend.tests.test_flourish.TestDiary" name="test_get_diary_after_add" time="0.065" /><testcase classname="backend.tests.test_flourish.TestAdmin" name="test_admin_login" time="0.052" /><testcase classname="backend.tests.test_flourish.TestAdmin" name="test_admin_stats" time="0.176" /><testcase classname="backend.tests.test_flourish.TestAdmin" name="test_admin_wrong_password" time="0.050" /><testcase classname="backend.tests.test_flourish.TestAffiliate" name="test_affiliate_submit" time="0.049" /></testsuite></testsuites>